<?xml version="1.0" encoding="UTF-8"?>
<!-- Generated by org.testng.reporters.JUnitReportReporter -->
<testsuite hostname="HP-OMEN" failures="0" tests="1" name="tests.GoogleSearchPage_TestNG_Demo" time="3.078" errors="0" timestamp="2024-01-20T15:29:30 GMT" skipped="0">
  <testcase classname="tests.GoogleSearchPage_TestNG_Demo" name="googleSearchTest" time="3.078"/>
</testsuite> <!-- tests.GoogleSearchPage_TestNG_Demo -->
