<?xml version="1.0" encoding="UTF-8"?>
<!-- Generated by org.testng.reporters.JUnitReportReporter -->
<testsuite hostname="HP-OMEN" failures="0" tests="1" name="tests.GoogleSearchPage_TestNG_Demo" time="1.772" errors="0" timestamp="2024-01-21T18:25:36 GMT" skipped="0">
  <testcase classname="tests.GoogleSearchPage_TestNG_Demo" name="googleSearchTest" time="1.772"/>
</testsuite> <!-- tests.GoogleSearchPage_TestNG_Demo -->
