<?xml version="1.0" encoding="UTF-8"?>
<!-- Generated by org.testng.reporters.JUnitReportReporter -->
<testsuite hostname="HP-OMEN" failures="0" tests="2" name="tests.GoogleSearchPage_TestNG_Demo2" time="3.612" errors="0" timestamp="2024-01-20T15:29:30 GMT" skipped="0">
  <testcase classname="tests.GoogleSearchPage_TestNG_Demo2" name="googleSearchTest2" time="1.766"/>
  <testcase classname="tests.GoogleSearchPage_TestNG_Demo2" name="googleSearchTest3" time="1.846"/>
</testsuite> <!-- tests.GoogleSearchPage_TestNG_Demo2 -->
