<?xml version="1.0" encoding="UTF-8"?>
<!-- Generated by org.testng.reporters.JUnitReportReporter -->
<testsuite hostname="HP-OMEN" failures="0" tests="1" name="tests.ExtentReportsBasicDemo_TestNG" time="0.639" errors="0" timestamp="2024-01-16T16:25:13 GMT" skipped="0">
  <testcase classname="tests.ExtentReportsBasicDemo_TestNG" name="test1" time="0.639"/>
</testsuite> <!-- tests.ExtentReportsBasicDemo_TestNG -->
