<?xml version="1.0" encoding="UTF-8"?>
<!-- Generated by org.testng.reporters.JUnitReportReporter -->
<testsuite hostname="HP-OMEN" failures="0" tests="1" name="tests.GoogleSearchPage_TestNG_Demo" time="1.878" errors="0" timestamp="2024-01-28T17:07:07 GMT" skipped="0">
  <testcase classname="tests.GoogleSearchPage_TestNG_Demo" name="googleSearchTest" time="1.878"/>
</testsuite> <!-- tests.GoogleSearchPage_TestNG_Demo -->
